{
  "RSpec": {
    "coverage": {
      "/Users/rurabe/Devbootcamp/week8/pollstir/config/environment.rb": [
        null,
        1,
        null,
        null,
        1
      ],
      "/Users/rurabe/Devbootcamp/week8/pollstir/config/application.rb": [
        1,
        null,
        1,
        null,
        1,
        null,
        1,
        null,
        null,
        null,
        null,
        1,
        1,
        null,
        null,
        null,
        null,
        null,
        null,
        null,
        null,
        null,
        null,
        null,
        null,
        null,
        null,
        null,
        null,
        null,
        null,
        null,
        null,
        null,
        null,
        null,
        1,
        null,
        null,
        1,
        null,
        null,
        1,
        null,
        null,
        null,
        null,
        null,
        null,
        null,
        null,
        null,
        null,
        1,
        null,
        null,
        1,
        null,
        null,
        1,
        null,
        null
      ],
      "/Users/rurabe/Devbootcamp/week8/pollstir/config/boot.rb": [
        1,
        null,
        null,
        1,
        null,
        1
      ],
      "/Users/rurabe/Devbootcamp/week8/pollstir/config/environments/test.rb": [
        1,
        null,
        null,
        null,
        null,
        null,
        null,
        1,
        null,
        null,
        1,
        1,
        null,
        null,
        1,
        null,
        null,
        1,
        1,
        null,
        null,
        1,
        null,
        null,
        1,
        null,
        null,
        null,
        null,
        1,
        null,
        null,
        1,
        null,
        null,
        1,
        null
      ],
      "/Users/rurabe/Devbootcamp/week8/pollstir/config/initializers/backtrace_silencers.rb": [
        null,
        null,
        null,
        null,
        null,
        null,
        null
      ],
      "/Users/rurabe/Devbootcamp/week8/pollstir/config/initializers/inflections.rb": [
        null,
        null,
        null,
        null,
        null,
        null,
        null,
        null,
        null,
        null,
        null,
        null,
        null,
        null,
        null
      ],
      "/Users/rurabe/Devbootcamp/week8/pollstir/config/initializers/mime_types.rb": [
        null,
        null,
        null,
        null,
        null
      ],
      "/Users/rurabe/Devbootcamp/week8/pollstir/config/initializers/secret_token.rb": [
        null,
        null,
        null,
        null,
        null,
        null,
        1
      ],
      "/Users/rurabe/Devbootcamp/week8/pollstir/config/initializers/session_store.rb": [
        null,
        null,
        1,
        null,
        null,
        null,
        null,
        null
      ],
      "/Users/rurabe/Devbootcamp/week8/pollstir/config/initializers/wrap_parameters.rb": [
        null,
        null,
        null,
        null,
        null,
        null,
        1,
        1,
        null,
        null,
        null,
        1,
        1,
        null
      ],
      "/Users/rurabe/Devbootcamp/week8/pollstir/app/controllers/answers_controller.rb": [
        1,
        null
      ],
      "/Users/rurabe/Devbootcamp/week8/pollstir/app/controllers/application_controller.rb": [
        1,
        1,
        null
      ],
      "/Users/rurabe/Devbootcamp/week8/pollstir/app/helpers/application_helper.rb": [
        1,
        null
      ],
      "/Users/rurabe/Devbootcamp/week8/pollstir/app/helpers/answers_helper.rb": [
        1,
        null
      ],
      "/Users/rurabe/Devbootcamp/week8/pollstir/app/helpers/polls_helper.rb": [
        1,
        1,
        0,
        null,
        null,
        1,
        0,
        null,
        null
      ],
      "/Users/rurabe/Devbootcamp/week8/pollstir/app/helpers/questions_helper.rb": [
        1,
        null
      ],
      "/Users/rurabe/Devbootcamp/week8/pollstir/app/helpers/responses_helper.rb": [
        1,
        null
      ],
      "/Users/rurabe/Devbootcamp/week8/pollstir/app/models/answer.rb": [
        1,
        1,
        1,
        1,
        null
      ],
      "/Users/rurabe/Devbootcamp/week8/pollstir/app/controllers/polls_controller.rb": [
        1,
        1,
        0,
        null,
        null,
        1,
        0,
        null,
        null,
        1,
        0,
        0,
        0,
        0,
        null,
        0,
        null,
        null,
        null,
        1,
        0,
        0,
        0,
        null,
        0,
        null,
        null,
        null,
        1,
        0,
        0,
        0,
        null,
        null,
        1,
        0,
        0,
        0,
        null,
        null,
        null,
        null
      ],
      "/Users/rurabe/Devbootcamp/week8/pollstir/app/models/poll.rb": [
        1,
        1,
        null,
        1,
        1,
        null,
        1,
        1,
        null,
        1,
        1,
        null,
        null,
        1,
        null,
        1,
        4,
        null,
        null,
        1,
        4,
        4,
        null,
        null,
        1,
        2,
        2,
        0,
        null,
        2,
        null,
        null,
        1,
        4,
        null,
        null
      ],
      "/Users/rurabe/Devbootcamp/week8/pollstir/app/controllers/questions_controller.rb": [
        1,
        null,
        1,
        1,
        null,
        1,
        0,
        null,
        null,
        1,
        0,
        0,
        0,
        null,
        0,
        null,
        null,
        null,
        1,
        null,
        null,
        1,
        0,
        0,
        0,
        null,
        0,
        null,
        null,
        null,
        1,
        0,
        0,
        null,
        null,
        1,
        null,
        1,
        0,
        null,
        null,
        1,
        0,
        null,
        null
      ],
      "/Users/rurabe/Devbootcamp/week8/pollstir/app/models/question.rb": [
        1,
        1,
        null,
        1,
        1,
        null,
        1,
        null
      ],
      "/Users/rurabe/Devbootcamp/week8/pollstir/app/controllers/responses_controller.rb": [
        1,
        1,
        null,
        null
      ],
      "/Users/rurabe/Devbootcamp/week8/pollstir/app/models/response.rb": [
        1,
        1,
        null,
        1,
        1,
        null
      ],
      "/Users/rurabe/Devbootcamp/week8/pollstir/app/models/settings.rb": [
        1,
        null,
        1,
        null,
        null
      ],
      "/Users/rurabe/Devbootcamp/week8/pollstir/config/routes.rb": [
        1,
        null,
        1,
        null,
        1,
        null,
        1,
        1,
        null,
        null,
        1,
        null,
        null,
        null,
        null,
        null,
        null,
        null,
        null,
        null,
        null,
        null,
        null,
        null,
        null,
        null,
        null,
        null,
        null,
        null,
        null,
        null,
        null,
        null,
        null,
        null,
        null,
        null,
        null,
        null,
        null,
        null,
        null,
        null,
        null,
        null,
        null,
        null,
        null,
        null,
        null,
        null,
        null,
        null,
        null,
        null,
        null,
        null,
        null,
        null,
        null,
        null,
        null,
        null,
        null,
        null,
        null,
        null,
        null,
        null
      ],
      "/Users/rurabe/Devbootcamp/week8/pollstir/spec/polls_helper_spec.rb": [
        1,
        null,
        1,
        null,
        1,
        null,
        1,
        null,
        null,
        null,
        null
      ],
      "/Users/rurabe/Devbootcamp/week8/pollstir/spec/question_spec.rb": [
        1,
        null,
        1,
        null,
        1,
        2,
        null,
        null,
        1,
        2,
        2,
        null,
        null,
        null
      ]
    },
    "timestamp": 1343783271
  }
}
